#
# There is insufficient memory for the Java Runtime Environment to continue.
# Native memory allocation (mmap) failed to map 268435456 bytes for Failed to commit area from 0x0000000701a00000 to 0x0000000711a00000 of length 268435456.
# Possible reasons:
#   The system is out of physical RAM or swap space
#   The process is running with CompressedOops enabled, and the Java Heap may be blocking the growth of the native heap
# Possible solutions:
#   Reduce memory load on the system
#   Increase physical memory or swap space
#   Check if swap backing store is full
#   Decrease Java heap size (-Xmx/-Xms)
#   Decrease number of Java threads
#   Decrease Java thread stack sizes (-Xss)
#   Set larger code cache with -XX:ReservedCodeCacheSize=
# This output file may be truncated or incomplete.
#
#  Out of Memory Error (./src/hotspot/os/windows/os_windows.cpp:3301), pid=19136, tid=8400
#
# JRE version:  (11.0.10+9) (build )
# Java VM: Dynamic Code Evolution 64-Bit Server VM (11.0.10+9-b1341.35, mixed mode, sharing, tiered, compressed oops, g1 gc, windows-amd64)
# No core dump will be written. Minidumps are not enabled by default on client versions of Windows
#

---------------  S U M M A R Y ------------

Command Line: org.jetbrains.git4idea.http.GitAskPassApp Username for 'https://github.com': 

Host: Intel(R) Core(TM) i7-4720HQ CPU @ 2.60GHz, 8 cores, 15G,  Windows 10 , 64 bit Build 19041 (10.0.19041.292)
Time: Mon May 31 09:46:41 2021 Coree elapsed time: 0.051763 seconds (0d 0h 0m 0s)

---------------  T H R E A D  ---------------

Current thread (0x0000024c7ce7d000):  JavaThread "Unknown thread" [_thread_in_vm, id=8400, stack(0x000000ccbbe00000,0x000000ccbbf00000)]

Stack: [0x000000ccbbe00000,0x000000ccbbf00000]
Native frames: (J=compiled Java code, j=interpreted, Vv=VM code, C=native code)
V  [jvm.dll+0x5f84fa]
V  [jvm.dll+0x77e085]
V  [jvm.dll+0x77f5dd]
V  [jvm.dll+0x77fc93]
V  [jvm.dll+0x2457e8]
V  [jvm.dll+0x5f58f4]
V  [jvm.dll+0x5ea975]
V  [jvm.dll+0x30228b]
V  [jvm.dll+0x3021fa]
V  [jvm.dll+0x3020d2]
V  [jvm.dll+0x306fb6]
V  [jvm.dll+0x34f843]
V  [jvm.dll+0x34ff46]
V  [jvm.dll+0x34f943]
V  [jvm.dll+0x2dbcb8]
V  [jvm.dll+0x2dce57]
V  [jvm.dll+0x75c4d7]
V  [jvm.dll+0x75dd6c]
V  [jvm.dll+0x35cdb9]
V  [jvm.dll+0x73fc9e]
V  [jvm.dll+0x3c5663]
V  [jvm.dll+0x3c7a21]
C  [jli.dll+0x5373]
C  [ucrtbase.dll+0x21542]
C  [KERNEL32.DLL+0x16fd4]
C  [ntdll.dll+0x4cec1]


---------------  P R O C E S S  ---------------

Threads class SMR info:
_java_thread_list=0x0000024c7cc54ed0, length=0, elements={
}

Java Threads: ( => current thread )

Other Threads:
  0x0000024c7ce94000 GCTaskThread "GC Thread#0" [stack: 0x000000ccbbf00000,0x000000ccbc000000] [id=19112]
  0x0000024c7cef3000 ConcurrentGCThread "G1 Main Marker" [stack: 0x000000ccbc000000,0x000000ccbc100000] [id=15848]
  0x0000024c7cef5800 ConcurrentGCThread "G1 Conc#0" [stack: 0x000000ccbc100000,0x000000ccbc200000] [id=12844]

[error occurred during error reporting (printing all threads), id 0xc0000005, EXCEPTION_ACCESS_VIOLATION (0xc0000005) at pc=0x00007ffe8146c437]

VM state:not at safepoint (not fully initialized)

VM Mutex/Monitor currently owned by a thread:  ([mutex/lock_event])
[0x0000024c7ce7a7c0] Heap_lock - owner thread: 0x0000024c7ce7d000

Heap address: 0x0000000701a00000, size: 4070 MB, Compressed Oops mode: Non-zero based: 0x0000000701a00000
Narrow klass base: 0x0000000000000000, Narrow klass shift: 0

GC Heap History (0 events):
No events

Deoptimization events (0 events):
No events

Classes redefined (0 events):
No events

Internal exceptions (0 events):
No events

Events (1 events):
Event: 0.032 Loaded shared library C:\Program Files\JetBrains\PyCharm 2021.1\jbr\bin\zip.dll


Dynamic libraries:
0x00007ff6468a0000 - 0x00007ff6468aa000 	C:\Program Files\JetBrains\PyCharm 2021.1\jbr\bin\java.exe
0x00007ffedc7d0000 - 0x00007ffedc9c4000 	C:\WINDOWS\SYSTEM32\ntdll.dll
0x00007ffedaaa0000 - 0x00007ffedab5d000 	C:\WINDOWS\System32\KERNEL32.DLL
0x00007ffeda4a0000 - 0x00007ffeda767000 	C:\WINDOWS\System32\KERNELBASE.dll
0x00007ffeda1d0000 - 0x00007ffeda2d0000 	C:\WINDOWS\System32\ucrtbase.dll
0x00007ffed5cc0000 - 0x00007ffed5cd9000 	C:\Program Files\JetBrains\PyCharm 2021.1\jbr\bin\jli.dll
0x00007ffedb910000 - 0x00007ffedbab0000 	C:\WINDOWS\System32\USER32.dll
0x00007ffeda2d0000 - 0x00007ffeda2f2000 	C:\WINDOWS\System32\win32u.dll
0x00007ffedac30000 - 0x00007ffedac5a000 	C:\WINDOWS\System32\GDI32.dll
0x00007ffeda390000 - 0x00007ffeda49a000 	C:\WINDOWS\System32\gdi32full.dll
0x00007ffec5110000 - 0x00007ffec53aa000 	C:\WINDOWS\WinSxS\amd64_microsoft.windows.common-controls_6595b64144ccf1df_6.0.19041.1_none_b555e41d4684ddec\COMCTL32.dll
0x00007ffeda130000 - 0x00007ffeda1cd000 	C:\WINDOWS\System32\msvcp_win.dll
0x00007ffed5be0000 - 0x00007ffed5bf7000 	C:\Program Files\JetBrains\PyCharm 2021.1\jbr\bin\VCRUNTIME140.dll
0x00007ffedbf40000 - 0x00007ffedbfde000 	C:\WINDOWS\System32\msvcrt.dll
0x00007ffedbff0000 - 0x00007ffedc020000 	C:\WINDOWS\System32\IMM32.DLL
0x00007ffec6bd0000 - 0x00007ffec6c6d000 	C:\Program Files\JetBrains\PyCharm 2021.1\jbr\bin\msvcp140.dll
0x00007ffe81180000 - 0x00007ffe81ccf000 	C:\Program Files\JetBrains\PyCharm 2021.1\jbr\bin\server\jvm.dll
0x00007ffeda9f0000 - 0x00007ffedaa9a000 	C:\WINDOWS\System32\ADVAPI32.dll
0x00007ffedc160000 - 0x00007ffedc1fb000 	C:\WINDOWS\System32\sechost.dll
0x00007ffedbd00000 - 0x00007ffedbe23000 	C:\WINDOWS\System32\RPCRT4.dll
0x00007ffedbfe0000 - 0x00007ffedbfe8000 	C:\WINDOWS\System32\PSAPI.DLL
0x00007ffecc920000 - 0x00007ffecc947000 	C:\WINDOWS\SYSTEM32\WINMM.dll
0x00007ffed3380000 - 0x00007ffed338a000 	C:\WINDOWS\SYSTEM32\VERSION.dll
0x00007ffec50e0000 - 0x00007ffec50e9000 	C:\WINDOWS\SYSTEM32\WSOCK32.dll
0x00007ffedc200000 - 0x00007ffedc26b000 	C:\WINDOWS\System32\WS2_32.dll
0x00007ffed7eb0000 - 0x00007ffed7ec3000 	C:\WINDOWS\SYSTEM32\kernel.appcore.dll
0x00007ffeaafa0000 - 0x00007ffeaafb1000 	C:\Program Files\JetBrains\PyCharm 2021.1\jbr\bin\verify.dll
0x00007ffec6680000 - 0x00007ffec6864000 	C:\WINDOWS\SYSTEM32\DBGHELP.DLL
0x00007ffec49d0000 - 0x00007ffec49fc000 	C:\WINDOWS\SYSTEM32\dbgcore.DLL
0x00007ffeda770000 - 0x00007ffeda7ef000 	C:\WINDOWS\System32\bcryptPrimitives.dll
0x00007ffe87c10000 - 0x00007ffe87c39000 	C:\Program Files\JetBrains\PyCharm 2021.1\jbr\bin\java.dll
0x00007ffec6120000 - 0x00007ffec612b000 	C:\Program Files\JetBrains\PyCharm 2021.1\jbr\bin\jimage.dll
0x00007ffeaab10000 - 0x00007ffeaab28000 	C:\Program Files\JetBrains\PyCharm 2021.1\jbr\bin\zip.dll

dbghelp: loaded successfully - version: 4.0.5 - missing functions: none
symbol engine: initialized successfully - sym options: 0x614 - pdb path: .;C:\Program Files\JetBrains\PyCharm 2021.1\jbr\bin;C:\WINDOWS\SYSTEM32;C:\WINDOWS\WinSxS\amd64_microsoft.windows.common-controls_6595b64144ccf1df_6.0.19041.1_none_b555e41d4684ddec;C:\Program Files\JetBrains\PyCharm 2021.1\jbr\bin\server

VM Arguments:
java_command: org.jetbrains.git4idea.http.GitAskPassApp Username for 'https://github.com': 
java_class_path (initial): C:/Program Files/JetBrains/PyCharm 2021.1/plugins/git4idea/lib/git4idea-rt.jar;C:/Program Files/JetBrains/PyCharm 2021.1/lib/xmlrpc-2.0.1.jar;C:/Program Files/JetBrains/PyCharm 2021.1/lib/commons-codec-1.15.jar
Launcher Type: SUN_STANDARD

[Global flags]
     intx CICompilerCount                          = 4                                         {product} {ergonomic}
     uint ConcGCThreads                            = 2                                         {product} {ergonomic}
     uint G1ConcRefinementThreads                  = 8                                         {product} {ergonomic}
   size_t G1HeapRegionSize                         = 1048576                                   {product} {ergonomic}
    uintx GCDrainStackTargetSize                   = 64                                        {product} {ergonomic}
   size_t InitialHeapSize                          = 268435456                                 {product} {ergonomic}
   size_t MarkStackSize                            = 4194304                                   {product} {ergonomic}
   size_t MaxHeapSize                              = 4267704320                                {product} {ergonomic}
   size_t MinHeapDeltaBytes                        = 1048576                                   {product} {ergonomic}
    uintx NonNMethodCodeHeapSize                   = 5836300                                {pd product} {ergonomic}
    uintx NonProfiledCodeHeapSize                  = 122910970                              {pd product} {ergonomic}
    uintx ProfiledCodeHeapSize                     = 122910970                              {pd product} {ergonomic}
    uintx ReservedCodeCacheSize                    = 251658240                              {pd product} {ergonomic}
     bool SegmentedCodeCache                       = true                                      {product} {ergonomic}
     bool UseCompressedClassPointers               = true                                 {lp64_product} {ergonomic}
     bool UseCompressedOops                        = true                                 {lp64_product} {ergonomic}
     bool UseG1GC                                  = true                                      {product} {ergonomic}
     bool UseLargePagesIndividualAllocation        = false                                  {pd product} {ergonomic}

Logging:
Log output configuration:
 #0: stdout all=warning uptime,level,tags
 #1: stderr all=off uptime,level,tags

Environment Variables:
PATH=C:\Program Files\Git\mingw64\libexec\git-core;C:\Program Files\Git\mingw64\libexec\git-core;C:\Program Files\Git\mingw64\bin;C:\Program Files\Git\usr\bin;C:\Users\mathi\bin;C:\Program Files\NVIDIA GPU Computing Toolkit\CUDA\v11.2\bin;C:\Program Files\NVIDIA GPU Computing Toolkit\CUDA\v11.2\libnvvp;C:\Program Files\Bandizip;C:\Program Files (x86)\Common Files\Oracle\Java\javapath;C:\Windows\system32;C:\Windows;C:\Windows\System32\Wbem;C:\Windows\System32\WindowsPowerShell\v1.0;C:\Windows\System32\OpenSSH;C:\Program Files\Intel\WiFi\bin;C:\Program Files\Common Files\Intel\WirelessCommon;C:\Program Files\MiKTeX\miktex\bin\x64;C:\Program Files\MiKTeX 2.9\miktex\bin\x64;C:\Program Files\Git\cmd;C:\Program Files\NVIDIA Corporation\NVIDIA NvDLISR;C:\Program Files (x86)\NVIDIA Corporation\PhysX\Common;C:\WINDOWS\system32;C:\WINDOWS;C:\WINDOWS\System32\Wbem;C:\WINDOWS\System32\WindowsPowerShell\v1.0;C:\WINDOWS\System32\OpenSSH;C:\SQLite;E:\laragon\bin\php;C:\Program Files\Microsoft SQL Server\130\Tools\Binn;C:\Program Files\Microsoft SQL Server\Client SDK\ODBC\170\Tools\Binn;C:\Program Files\dotnet;C:\Program Fil;C:\Program Files\NVIDIA Corporation\Nsight Compute 2020.3.1;C:\Program Files\NVIDIA GPU Computing Toolkit\CUDA\v11.1\bin;C:\Program Files\NVIDIA GPU Computing Toolkit\CUDA\v11.1\libnvvp;C:\Program Files (x86)\Common Files\Oracle\Java\javapath;C:\Windows\system32;C:\Windows;C:\Windows\System32\Wbem;C:\Windows\System32\WindowsPowerShell\v1.0;C:\Windows\System32\OpenSSH;C:\Program Files\Intel\WiFi\bin;C:\Program Files\Common Files\Intel\WirelessCommon;C:\Program Files\MiKTeX\miktex\bin\x64;C:\Program Files\MiKTeX 2.9\miktex\bin\x64;C:\Program Files\Git\cmd;C:\Program Files\NVIDIA Corporation\NVIDIA NvDLISR;C:\Program Files (x86)\NVIDIA Corporation\PhysX\Common;C:\WINDOWS\system32;C:\WINDOWS;C:\WINDOWS\System32\Wbem;C:\WINDOWS\System32\WindowsPowerShell\v1.0;C:\WINDOWS\System32\OpenSSH;C:\SQLite;E:\laragon\bin\php;C:\Program Files\Microsoft SQL Server\130\Tools\Binn;C
USERNAME=mathi
DISPLAY=:0.0
LC_ALL=en_US.UTF-8
OS=Windows_NT
PROCESSOR_IDENTIFIER=Intel64 Family 6 Model 60 Stepping 3, GenuineIntel



---------------  S Y S T E M  ---------------

OS: Windows 10 , 64 bit Build 19041 (10.0.19041.292)
OS uptime: 6 days 17:39 hours

CPU:total 8 (initial active 8) (4 cores per cpu, 2 threads per core) family 6 model 60 stepping 3 microcode 0x27, cmov, cx8, fxsr, mmx, sse, sse2, sse3, ssse3, sse4.1, sse4.2, popcnt, avx, avx2, aes, clmul, erms, lzcnt, ht, tsc, tscinvbit, bmi1, bmi2, fma

Memory: 4k page, system-wide physical 16272M (321M free)
TotalPageFile size 24464M (AvailPageFile size 134M)
current process WorkingSet (physical memory assigned to process): 10M, peak: 10M
current process commit charge ("private bytes"): 60M, peak: 316M

vm_info: Dynamic Code Evolution 64-Bit Server VM (11.0.10+9-b1341.35) for windows-amd64 JRE (11.0.10+9-b1341.35), built on Mar 31 2021 02:11:12 by "" with MS VC++ 14.0 (VS2015)

END.
